#! /c/Source/iverilog-install/bin/vvp
:ivl_version "12.0 (devel)" "(s20150603-1539-g2693dd32b)";
:ivl_delay_selection "TYPICAL";
:vpi_time_precision + 0;
:vpi_module "C:\iverilog\lib\ivl\system.vpi";
:vpi_module "C:\iverilog\lib\ivl\vhdl_sys.vpi";
:vpi_module "C:\iverilog\lib\ivl\vhdl_textio.vpi";
:vpi_module "C:\iverilog\lib\ivl\v2005_math.vpi";
:vpi_module "C:\iverilog\lib\ivl\va_math.vpi";
S_000002a2cd0bd710 .scope module, "problem_tb" "problem_tb" 2 1;
 .timescale 0 0;
v000002a2cd103940_0 .var "i_clk", 0 0;
v000002a2cd1039e0_0 .var "i_ctrl", 1 0;
v000002a2cd103a80_0 .var "i_data_0", 15 0;
v000002a2cd103b20_0 .var "i_data_1", 15 0;
v000002a2cd103bc0_0 .var "i_data_2", 15 0;
v000002a2cd103c60_0 .var "i_data_3", 15 0;
v000002a2cd103d00_0 .net "o_data", 15 0, v000002a2cd1038a0_0;  1 drivers
S_000002a2cd0bd8a0 .scope module, "DUT" "problem5" 2 15, 3 1 0, S_000002a2cd0bd710;
 .timescale 0 0;
    .port_info 0 /INPUT 16 "i_data_0";
    .port_info 1 /INPUT 16 "i_data_1";
    .port_info 2 /INPUT 16 "i_data_2";
    .port_info 3 /INPUT 16 "i_data_3";
    .port_info 4 /INPUT 2 "i_ctrl";
    .port_info 5 /INPUT 1 "i_clk";
    .port_info 6 /OUTPUT 16 "o_data";
v000002a2cd0d3c30_0 .net "i_clk", 0 0, v000002a2cd103940_0;  1 drivers
v000002a2cd0d30e0_0 .net "i_ctrl", 1 0, v000002a2cd1039e0_0;  1 drivers
v000002a2cd0bda30_0 .net "i_data_0", 15 0, v000002a2cd103a80_0;  1 drivers
v000002a2cd0bdad0_0 .net "i_data_1", 15 0, v000002a2cd103b20_0;  1 drivers
v000002a2cd0bb9e0_0 .net "i_data_2", 15 0, v000002a2cd103bc0_0;  1 drivers
v000002a2cd0bba80_0 .net "i_data_3", 15 0, v000002a2cd103c60_0;  1 drivers
v000002a2cd1038a0_0 .var "o_data", 15 0;
E_000002a2cd0f52b0 .event posedge, v000002a2cd0d3c30_0;
    .scope S_000002a2cd0bd8a0;
T_0 ;
    %wait E_000002a2cd0f52b0;
    %load/vec4 v000002a2cd0d30e0_0;
    %dup/vec4;
    %pushi/vec4 0, 0, 2;
    %cmp/u;
    %jmp/1 T_0.0, 6;
    %dup/vec4;
    %pushi/vec4 1, 0, 2;
    %cmp/u;
    %jmp/1 T_0.1, 6;
    %dup/vec4;
    %pushi/vec4 2, 0, 2;
    %cmp/u;
    %jmp/1 T_0.2, 6;
    %dup/vec4;
    %pushi/vec4 3, 0, 2;
    %cmp/u;
    %jmp/1 T_0.3, 6;
    %pushi/vec4 0, 0, 16;
    %assign/vec4 v000002a2cd1038a0_0, 0;
    %jmp T_0.5;
T_0.0 ;
    %load/vec4 v000002a2cd0bda30_0;
    %assign/vec4 v000002a2cd1038a0_0, 0;
    %jmp T_0.5;
T_0.1 ;
    %load/vec4 v000002a2cd0bdad0_0;
    %assign/vec4 v000002a2cd1038a0_0, 0;
    %jmp T_0.5;
T_0.2 ;
    %load/vec4 v000002a2cd0bb9e0_0;
    %assign/vec4 v000002a2cd1038a0_0, 0;
    %jmp T_0.5;
T_0.3 ;
    %load/vec4 v000002a2cd0bba80_0;
    %assign/vec4 v000002a2cd1038a0_0, 0;
    %jmp T_0.5;
T_0.5 ;
    %pop/vec4 1;
    %jmp T_0;
    .thread T_0;
    .scope S_000002a2cd0bd710;
T_1 ;
    %pushi/vec4 0, 0, 16;
    %store/vec4 v000002a2cd103a80_0, 0, 16;
    %pushi/vec4 15, 0, 16;
    %store/vec4 v000002a2cd103b20_0, 0, 16;
    %pushi/vec4 5, 0, 16;
    %store/vec4 v000002a2cd103bc0_0, 0, 16;
    %pushi/vec4 8, 0, 16;
    %store/vec4 v000002a2cd103c60_0, 0, 16;
    %pushi/vec4 0, 0, 2;
    %store/vec4 v000002a2cd1039e0_0, 0, 2;
    %pushi/vec4 0, 0, 1;
    %store/vec4 v000002a2cd103940_0, 0, 1;
    %end;
    .thread T_1;
    .scope S_000002a2cd0bd710;
T_2 ;
    %vpi_call 2 11 "$dumpfile", "wave.vcd" {0 0 0};
    %vpi_call 2 12 "$dumpvars", 32'sb00000000000000000000000000000000, S_000002a2cd0bd8a0 {0 0 0};
    %end;
    .thread T_2;
    .scope S_000002a2cd0bd710;
T_3 ;
    %delay 1, 0;
    %load/vec4 v000002a2cd103940_0;
    %inv;
    %assign/vec4 v000002a2cd103940_0, 0;
    %jmp T_3;
    .thread T_3;
    .scope S_000002a2cd0bd710;
T_4 ;
    %delay 2, 0;
    %pushi/vec4 0, 0, 2;
    %store/vec4 v000002a2cd1039e0_0, 0, 2;
    %delay 2, 0;
    %pushi/vec4 1, 0, 2;
    %store/vec4 v000002a2cd1039e0_0, 0, 2;
    %delay 2, 0;
    %pushi/vec4 2, 0, 2;
    %store/vec4 v000002a2cd1039e0_0, 0, 2;
    %delay 2, 0;
    %pushi/vec4 3, 0, 2;
    %store/vec4 v000002a2cd1039e0_0, 0, 2;
    %delay 2, 0;
    %pushi/vec4 11, 0, 16;
    %store/vec4 v000002a2cd103a80_0, 0, 16;
    %pushi/vec4 0, 0, 2;
    %store/vec4 v000002a2cd1039e0_0, 0, 2;
    %delay 2, 0;
    %vpi_call 2 42 "$finish" {0 0 0};
    %end;
    .thread T_4;
# The file index is used to find the file name in the following table.
:file_names 4;
    "N/A";
    "<interactive>";
    ".\problem5_tb.v";
    ".\problem5.v";
