#! /c/Source/iverilog-install/bin/vvp
:ivl_version "12.0 (devel)" "(s20150603-1539-g2693dd32b)";
:ivl_delay_selection "TYPICAL";
:vpi_time_precision + 0;
:vpi_module "C:\iverilog\lib\ivl\system.vpi";
:vpi_module "C:\iverilog\lib\ivl\vhdl_sys.vpi";
:vpi_module "C:\iverilog\lib\ivl\vhdl_textio.vpi";
:vpi_module "C:\iverilog\lib\ivl\v2005_math.vpi";
:vpi_module "C:\iverilog\lib\ivl\va_math.vpi";
S_000001b9f27c96a0 .scope module, "problem2_tb" "problem2_tb" 2 1;
 .timescale 0 0;
v000001b9f2682d80_0 .var "i_p0", 7 0;
v000001b9f2682e20_0 .var "i_p1", 7 0;
v000001b9f2682ec0_0 .var "i_p2", 7 0;
v000001b9f2682f60_0 .net "o_p", 7 0, L_000001b9f2683000;  1 drivers
S_000001b9f27ca2d0 .scope module, "DUT" "problem2" 2 12, 3 1 0, S_000001b9f27c96a0;
 .timescale 0 0;
    .port_info 0 /INPUT 8 "i_p0";
    .port_info 1 /INPUT 8 "i_p1";
    .port_info 2 /INPUT 8 "i_p2";
    .port_info 3 /OUTPUT 8 "o_p";
L_000001b9f27c9560 .functor AND 8, v000001b9f2682e20_0, v000001b9f2682ec0_0, C4<11111111>, C4<11111111>;
v000001b9f26834b0_0 .net "i_p0", 7 0, v000001b9f2682d80_0;  1 drivers
v000001b9f2683c30_0 .net "i_p1", 7 0, v000001b9f2682e20_0;  1 drivers
v000001b9f27ca460_0 .net "i_p2", 7 0, v000001b9f2682ec0_0;  1 drivers
v000001b9f27c94c0_0 .net "o_p", 7 0, L_000001b9f2683000;  alias, 1 drivers
v000001b9f2682ce0_0 .net "w_p", 7 0, L_000001b9f27c9560;  1 drivers
L_000001b9f2683000 .arith/sum 8, L_000001b9f27c9560, v000001b9f2682d80_0;
    .scope S_000001b9f27c96a0;
T_0 ;
    %vpi_call 2 8 "$dumpfile", "wave.vcd" {0 0 0};
    %vpi_call 2 9 "$dumpvars", 32'sb00000000000000000000000000000000, S_000001b9f27ca2d0 {0 0 0};
    %end;
    .thread T_0;
    .scope S_000001b9f27c96a0;
T_1 ;
    %pushi/vec4 85, 0, 8;
    %store/vec4 v000001b9f2682d80_0, 0, 8;
    %pushi/vec4 119, 0, 8;
    %store/vec4 v000001b9f2682e20_0, 0, 8;
    %pushi/vec4 1, 0, 8;
    %store/vec4 v000001b9f2682ec0_0, 0, 8;
    %delay 2, 0;
    %vpi_call 2 24 "$display", "o_p = %02x", v000001b9f2682f60_0 {0 0 0};
    %pushi/vec4 240, 0, 8;
    %store/vec4 v000001b9f2682d80_0, 0, 8;
    %pushi/vec4 85, 0, 8;
    %store/vec4 v000001b9f2682e20_0, 0, 8;
    %pushi/vec4 90, 0, 8;
    %store/vec4 v000001b9f2682ec0_0, 0, 8;
    %delay 2, 0;
    %vpi_call 2 29 "$display", "o_p = %02x", v000001b9f2682f60_0 {0 0 0};
    %pushi/vec4 255, 0, 8;
    %store/vec4 v000001b9f2682d80_0, 0, 8;
    %pushi/vec4 136, 0, 8;
    %store/vec4 v000001b9f2682e20_0, 0, 8;
    %pushi/vec4 17, 0, 8;
    %store/vec4 v000001b9f2682ec0_0, 0, 8;
    %delay 2, 0;
    %vpi_call 2 34 "$display", "o_p = %02x", v000001b9f2682f60_0 {0 0 0};
    %vpi_call 2 35 "$finish" {0 0 0};
    %end;
    .thread T_1;
# The file index is used to find the file name in the following table.
:file_names 4;
    "N/A";
    "<interactive>";
    ".\problem2_tb.v";
    ".\problem2.v";
