#! /c/Source/iverilog-install/bin/vvp
:ivl_version "12.0 (devel)" "(s20150603-1539-g2693dd32b)";
:ivl_delay_selection "TYPICAL";
:vpi_time_precision + 0;
:vpi_module "C:\iverilog\lib\ivl\system.vpi";
:vpi_module "C:\iverilog\lib\ivl\vhdl_sys.vpi";
:vpi_module "C:\iverilog\lib\ivl\vhdl_textio.vpi";
:vpi_module "C:\iverilog\lib\ivl\v2005_math.vpi";
:vpi_module "C:\iverilog\lib\ivl\va_math.vpi";
S_000002f4a6fa64e0 .scope module, "problem4_tb" "problem4_tb" 2 1;
 .timescale 0 0;
v000002f4a6fe98e0_0 .var "i_clk", 0 0;
v000002f4a6fe9980_0 .var "i_rst", 0 0;
v000002f4a6fe9a20_0 .net "o_p", 15 0, v000002f4a6fa6800_0;  1 drivers
S_000002f4a6fa6670 .scope module, "DUT" "problem4" 2 11, 3 1 0, S_000002f4a6fa64e0;
 .timescale 0 0;
    .port_info 0 /INPUT 1 "i_clk";
    .port_info 1 /INPUT 1 "i_rst";
    .port_info 2 /OUTPUT 16 "o_p";
L_000002f4a6fe9ac8 .functor BUFT 1, C4<0000000000000001>, C4<0>, C4<0>, C4<0>;
v000002f4a6f73560_0 .net/2u *"_ivl_0", 15 0, L_000002f4a6fe9ac8;  1 drivers
v000002f4a6f730e0_0 .net "i_clk", 0 0, v000002f4a6fe98e0_0;  1 drivers
v000002f4a70a9510_0 .net "i_rst", 0 0, v000002f4a6fe9980_0;  1 drivers
v000002f4a6fa6800_0 .var "o_p", 15 0;
v000002f4a6fa68a0_0 .var "r_0", 15 0;
v000002f4a6fe9840_0 .net "w_0", 15 0, L_000002f4a70ab3c0;  1 drivers
E_000002f4a70abf30 .event posedge, v000002f4a6f730e0_0;
L_000002f4a70ab3c0 .arith/sum 16, L_000002f4a6fe9ac8, v000002f4a6fa6800_0;
    .scope S_000002f4a6fa6670;
T_0 ;
    %pushi/vec4 0, 0, 16;
    %store/vec4 v000002f4a6fa68a0_0, 0, 16;
    %end;
    .thread T_0;
    .scope S_000002f4a6fa6670;
T_1 ;
    %wait E_000002f4a70abf30;
    %load/vec4 v000002f4a70a9510_0;
    %flag_set/vec4 8;
    %jmp/0 T_1.0, 8;
    %load/vec4 v000002f4a6fa68a0_0;
    %jmp/1 T_1.1, 8;
T_1.0 ; End of true expr.
    %load/vec4 v000002f4a6fe9840_0;
    %jmp/0 T_1.1, 8;
 ; End of false expr.
    %blend;
T_1.1;
    %assign/vec4 v000002f4a6fa6800_0, 0;
    %jmp T_1;
    .thread T_1;
    .scope S_000002f4a6fa64e0;
T_2 ;
    %pushi/vec4 0, 0, 1;
    %store/vec4 v000002f4a6fe98e0_0, 0, 1;
    %pushi/vec4 0, 0, 1;
    %store/vec4 v000002f4a6fe9980_0, 0, 1;
    %end;
    .thread T_2;
    .scope S_000002f4a6fa64e0;
T_3 ;
    %vpi_call 2 7 "$dumpfile", "wave.vcd" {0 0 0};
    %vpi_call 2 8 "$dumpvars", 32'sb00000000000000000000000000000000, S_000002f4a6fa6670 {0 0 0};
    %end;
    .thread T_3;
    .scope S_000002f4a6fa64e0;
T_4 ;
    %delay 1, 0;
    %load/vec4 v000002f4a6fe98e0_0;
    %inv;
    %assign/vec4 v000002f4a6fe98e0_0, 0;
    %jmp T_4;
    .thread T_4;
    .scope S_000002f4a6fa64e0;
T_5 ;
    %pushi/vec4 1, 0, 1;
    %store/vec4 v000002f4a6fe9980_0, 0, 1;
    %delay 10, 0;
    %pushi/vec4 0, 0, 1;
    %store/vec4 v000002f4a6fe9980_0, 0, 1;
    %delay 100, 0;
    %vpi_call 2 26 "$finish" {0 0 0};
    %end;
    .thread T_5;
# The file index is used to find the file name in the following table.
:file_names 4;
    "N/A";
    "<interactive>";
    ".\problem4_tb.v";
    ".\problem4.v";
