#! /c/Source/iverilog-install/bin/vvp
:ivl_version "12.0 (devel)" "(s20150603-1539-g2693dd32b)";
:ivl_delay_selection "TYPICAL";
:vpi_time_precision + 0;
:vpi_module "C:\iverilog\lib\ivl\system.vpi";
:vpi_module "C:\iverilog\lib\ivl\vhdl_sys.vpi";
:vpi_module "C:\iverilog\lib\ivl\vhdl_textio.vpi";
:vpi_module "C:\iverilog\lib\ivl\v2005_math.vpi";
:vpi_module "C:\iverilog\lib\ivl\va_math.vpi";
S_000002c445a2df50 .scope module, "problem6_tb" "problem6_tb" 2 1;
 .timescale 0 0;
v000002c445932f10_0 .var "i_clk", 0 0;
v000002c445932fb0_0 .var "i_data", 15 0;
v000002c445933050_0 .var "i_rst", 0 0;
v000002c445962890_0 .net "o_data", 2 0, v000002c445a2bac0_0;  1 drivers
S_000002c445a2e0e0 .scope module, "DUT" "problem6" 2 12, 3 1 0, S_000002c445a2df50;
 .timescale 0 0;
    .port_info 0 /INPUT 16 "i_data";
    .port_info 1 /INPUT 1 "i_rst";
    .port_info 2 /INPUT 1 "i_clk";
    .port_info 3 /OUTPUT 3 "o_data";
v000002c445a2e310_0 .net "i_clk", 0 0, v000002c445932f10_0;  1 drivers
v000002c445a2b980_0 .net "i_data", 15 0, v000002c445932fb0_0;  1 drivers
v000002c445a2ba20_0 .net "i_rst", 0 0, v000002c445933050_0;  1 drivers
v000002c445a2bac0_0 .var "o_data", 2 0;
v000002c445932e70_0 .net "w_0", 2 0, L_000002c445962930;  1 drivers
E_000002c44596a380 .event posedge, v000002c445a2e310_0;
L_000002c445962930 .ufunc/vec4 TD_problem6_tb.DUT.mux_function, 3, v000002c445932fb0_0 (v000002c445a29980_0) S_000002c445932ce0;
S_000002c445932ce0 .scope function.vec4.s3, "mux_function" "mux_function" 3 10, 3 10 0, S_000002c445a2e0e0;
 .timescale 0 0;
v000002c445a29980_0 .var "i_data_input", 15 0;
; Variable mux_function is vec4 return value of scope S_000002c445932ce0
TD_problem6_tb.DUT.mux_function ;
    %load/vec4 v000002c445a29980_0;
    %parti/s 2, 0, 2;
    %dup/vec4;
    %pushi/vec4 0, 0, 2;
    %cmp/u;
    %jmp/1 T_0.0, 6;
    %dup/vec4;
    %pushi/vec4 1, 0, 2;
    %cmp/u;
    %jmp/1 T_0.1, 6;
    %dup/vec4;
    %pushi/vec4 2, 0, 2;
    %cmp/u;
    %jmp/1 T_0.2, 6;
    %dup/vec4;
    %pushi/vec4 3, 0, 2;
    %cmp/u;
    %jmp/1 T_0.3, 6;
    %pushi/vec4 0, 0, 3;
    %ret/vec4 0, 0, 3;  Assign to mux_function (store_vec4_to_lval)
    %jmp T_0.5;
T_0.0 ;
    %load/vec4 v000002c445a29980_0;
    %parti/s 3, 2, 3;
    %ret/vec4 0, 0, 3;  Assign to mux_function (store_vec4_to_lval)
    %jmp T_0.5;
T_0.1 ;
    %load/vec4 v000002c445a29980_0;
    %parti/s 3, 5, 4;
    %ret/vec4 0, 0, 3;  Assign to mux_function (store_vec4_to_lval)
    %jmp T_0.5;
T_0.2 ;
    %load/vec4 v000002c445a29980_0;
    %parti/s 3, 8, 5;
    %ret/vec4 0, 0, 3;  Assign to mux_function (store_vec4_to_lval)
    %jmp T_0.5;
T_0.3 ;
    %load/vec4 v000002c445a29980_0;
    %parti/s 3, 11, 5;
    %ret/vec4 0, 0, 3;  Assign to mux_function (store_vec4_to_lval)
    %jmp T_0.5;
T_0.5 ;
    %pop/vec4 1;
    %end;
    .scope S_000002c445a2e0e0;
T_1 ;
    %wait E_000002c44596a380;
    %load/vec4 v000002c445a2ba20_0;
    %flag_set/vec4 8;
    %jmp/0xz  T_1.0, 8;
    %pushi/vec4 0, 0, 3;
    %assign/vec4 v000002c445a2bac0_0, 0;
    %jmp T_1.1;
T_1.0 ;
    %load/vec4 v000002c445932e70_0;
    %assign/vec4 v000002c445a2bac0_0, 0;
T_1.1 ;
    %jmp T_1;
    .thread T_1;
    .scope S_000002c445a2df50;
T_2 ;
    %pushi/vec4 0, 0, 16;
    %store/vec4 v000002c445932fb0_0, 0, 16;
    %pushi/vec4 0, 0, 1;
    %store/vec4 v000002c445933050_0, 0, 1;
    %pushi/vec4 0, 0, 1;
    %store/vec4 v000002c445932f10_0, 0, 1;
    %end;
    .thread T_2;
    .scope S_000002c445a2df50;
T_3 ;
    %vpi_call 2 8 "$dumpfile", "wave.vcd" {0 0 0};
    %vpi_call 2 9 "$dumpvars", 32'sb00000000000000000000000000000000, S_000002c445a2e0e0 {0 0 0};
    %end;
    .thread T_3;
    .scope S_000002c445a2df50;
T_4 ;
    %delay 1, 0;
    %load/vec4 v000002c445932f10_0;
    %inv;
    %assign/vec4 v000002c445932f10_0, 0;
    %jmp T_4;
    .thread T_4;
    .scope S_000002c445a2df50;
T_5 ;
    %delay 2, 0;
    %pushi/vec4 48048, 0, 16;
    %store/vec4 v000002c445932fb0_0, 0, 16;
    %delay 2, 0;
    %pushi/vec4 48049, 0, 16;
    %store/vec4 v000002c445932fb0_0, 0, 16;
    %delay 2, 0;
    %pushi/vec4 13346, 0, 16;
    %store/vec4 v000002c445932fb0_0, 0, 16;
    %delay 2, 0;
    %pushi/vec4 1, 0, 1;
    %store/vec4 v000002c445933050_0, 0, 1;
    %delay 2, 0;
    %vpi_call 2 33 "$finish" {0 0 0};
    %end;
    .thread T_5;
# The file index is used to find the file name in the following table.
:file_names 4;
    "N/A";
    "<interactive>";
    ".\problem6_tb.v";
    ".\problem6.v";
